This is pdfTeX, Version 3.14159265-2.6-1.40.17 (TeX Live 2016) (preloaded format=pdflatex 2017.4.29)  25 OCT 2017 19:23
entering extended mode
 restricted \write18 enabled.
 file:line:error style messages enabled.
 %&-line parsing enabled.
**clo2.tex
(./clo2.tex
LaTeX2e <2016/03/31>
Babel <3.9r> and hyphenation patterns for 83 language(s) loaded.
(/usr/local/texlive/2016/texmf-dist/tex/latex/base/article.cls
Document Class: article 2014/09/29 v1.4h Standard LaTeX document class
(/usr/local/texlive/2016/texmf-dist/tex/latex/base/size12.clo
File: size12.clo 2014/09/29 v1.4h Standard LaTeX file (size option)
)
\c@part=\count79
\c@section=\count80
\c@subsection=\count81
\c@subsubsection=\count82
\c@paragraph=\count83
\c@subparagraph=\count84
\c@figure=\count85
\c@table=\count86
\abovecaptionskip=\skip41
\belowcaptionskip=\skip42
\bibindent=\dimen102
)
(/usr/local/texlive/2016/texmf-dist/tex/latex/amsmath/amsmath.sty
Package: amsmath 2016/03/10 v2.15b AMS math features
\@mathmargin=\skip43

For additional information on amsmath, use the `?' option.
(/usr/local/texlive/2016/texmf-dist/tex/latex/amsmath/amstext.sty
Package: amstext 2000/06/29 v2.01 AMS text

(/usr/local/texlive/2016/texmf-dist/tex/latex/amsmath/amsgen.sty
File: amsgen.sty 1999/11/30 v2.0 generic functions
\@emptytoks=\toks14
\ex@=\dimen103
))
(/usr/local/texlive/2016/texmf-dist/tex/latex/amsmath/amsbsy.sty
Package: amsbsy 1999/11/29 v1.2d Bold Symbols
\pmbraise@=\dimen104
)
(/usr/local/texlive/2016/texmf-dist/tex/latex/amsmath/amsopn.sty
Package: amsopn 2016/03/08 v2.02 operator names
)
\inf@bad=\count87
LaTeX Info: Redefining \frac on input line 199.
\uproot@=\count88
\leftroot@=\count89
LaTeX Info: Redefining \overline on input line 297.
\classnum@=\count90
\DOTSCASE@=\count91
LaTeX Info: Redefining \ldots on input line 394.
LaTeX Info: Redefining \dots on input line 397.
LaTeX Info: Redefining \cdots on input line 518.
\Mathstrutbox@=\box26
\strutbox@=\box27
\big@size=\dimen105
LaTeX Font Info:    Redeclaring font encoding OML on input line 634.
LaTeX Font Info:    Redeclaring font encoding OMS on input line 635.
\macc@depth=\count92
\c@MaxMatrixCols=\count93
\dotsspace@=\muskip10
\c@parentequation=\count94
\dspbrk@lvl=\count95
\tag@help=\toks15
\row@=\count96
\column@=\count97
\maxfields@=\count98
\andhelp@=\toks16
\eqnshift@=\dimen106
\alignsep@=\dimen107
\tagshift@=\dimen108
\tagwidth@=\dimen109
\totwidth@=\dimen110
\lineht@=\dimen111
\@envbody=\toks17
\multlinegap=\skip44
\multlinetaggap=\skip45
\mathdisplay@stack=\toks18
LaTeX Info: Redefining \[ on input line 2739.
LaTeX Info: Redefining \] on input line 2740.
)
(/usr/local/texlive/2016/texmf-dist/tex/latex/graphics/graphicx.sty
Package: graphicx 2014/10/28 v1.0g Enhanced LaTeX Graphics (DPC,SPQR)

(/usr/local/texlive/2016/texmf-dist/tex/latex/graphics/keyval.sty
Package: keyval 2014/10/28 v1.15 key=value parser (DPC)
\KV@toks@=\toks19
)
(/usr/local/texlive/2016/texmf-dist/tex/latex/graphics/graphics.sty
Package: graphics 2016/05/09 v1.0r Standard LaTeX Graphics (DPC,SPQR)

(/usr/local/texlive/2016/texmf-dist/tex/latex/graphics/trig.sty
Package: trig 2016/01/03 v1.10 sin cos tan (DPC)
)
(/usr/local/texlive/2016/texmf-dist/tex/latex/graphics-cfg/graphics.cfg
File: graphics.cfg 2016/01/02 v1.10 sample graphics configuration
)
Package graphics Info: Driver file: pdftex.def on input line 96.

(/usr/local/texlive/2016/texmf-dist/tex/latex/pdftex-def/pdftex.def
File: pdftex.def 2011/05/27 v0.06d Graphics/color for pdfTeX

(/usr/local/texlive/2016/texmf-dist/tex/generic/oberdiek/infwarerr.sty
Package: infwarerr 2016/05/16 v1.4 Providing info/warning/error messages (HO)
)
(/usr/local/texlive/2016/texmf-dist/tex/generic/oberdiek/ltxcmds.sty
Package: ltxcmds 2016/05/16 v1.23 LaTeX kernel commands for general use (HO)
)
\Gread@gobject=\count99
))
\Gin@req@height=\dimen112
\Gin@req@width=\dimen113
)
(./clo2.aux)
\openout1 = `clo2.aux'.

LaTeX Font Info:    Checking defaults for OML/cmm/m/it on input line 6.
LaTeX Font Info:    ... okay on input line 6.
LaTeX Font Info:    Checking defaults for T1/cmr/m/n on input line 6.
LaTeX Font Info:    ... okay on input line 6.
LaTeX Font Info:    Checking defaults for OT1/cmr/m/n on input line 6.
LaTeX Font Info:    ... okay on input line 6.
LaTeX Font Info:    Checking defaults for OMS/cmsy/m/n on input line 6.
LaTeX Font Info:    ... okay on input line 6.
LaTeX Font Info:    Checking defaults for OMX/cmex/m/n on input line 6.
LaTeX Font Info:    ... okay on input line 6.
LaTeX Font Info:    Checking defaults for U/cmr/m/n on input line 6.
LaTeX Font Info:    ... okay on input line 6.

(/usr/local/texlive/2016/texmf-dist/tex/context/base/mkii/supp-pdf.mkii
[Loading MPS to PDF converter (version 2006.09.02).]
\scratchcounter=\count100
\scratchdimen=\dimen114
\scratchbox=\box28
\nofMPsegments=\count101
\nofMParguments=\count102
\everyMPshowfont=\toks20
\MPscratchCnt=\count103
\MPscratchDim=\dimen115
\MPnumerator=\count104
\makeMPintoPDFobject=\count105
\everyMPtoPDFconversion=\toks21
) (/usr/local/texlive/2016/texmf-dist/tex/generic/oberdiek/pdftexcmds.sty
Package: pdftexcmds 2016/05/10 v0.21 Utility functions of pdfTeX for LuaTeX (HO
)

(/usr/local/texlive/2016/texmf-dist/tex/generic/oberdiek/ifluatex.sty
Package: ifluatex 2016/05/16 v1.4 Provides the ifluatex switch (HO)
Package ifluatex Info: LuaTeX not detected.
)
(/usr/local/texlive/2016/texmf-dist/tex/generic/oberdiek/ifpdf.sty
Package: ifpdf 2016/05/14 v3.1 Provides the ifpdf switch
)
Package pdftexcmds Info: LuaTeX not detected.
Package pdftexcmds Info: \pdf@primitive is available.
Package pdftexcmds Info: \pdf@ifprimitive is available.
Package pdftexcmds Info: \pdfdraftmode found.
)
(/usr/local/texlive/2016/texmf-dist/tex/latex/oberdiek/epstopdf-base.sty
Package: epstopdf-base 2016/05/15 v2.6 Base part for package epstopdf

(/usr/local/texlive/2016/texmf-dist/tex/latex/oberdiek/grfext.sty
Package: grfext 2016/05/16 v1.2 Manage graphics extensions (HO)

(/usr/local/texlive/2016/texmf-dist/tex/generic/oberdiek/kvdefinekeys.sty
Package: kvdefinekeys 2016/05/16 v1.4 Define keys (HO)
))
(/usr/local/texlive/2016/texmf-dist/tex/latex/oberdiek/kvoptions.sty
Package: kvoptions 2016/05/16 v3.12 Key value format for package options (HO)

(/usr/local/texlive/2016/texmf-dist/tex/generic/oberdiek/kvsetkeys.sty
Package: kvsetkeys 2016/05/16 v1.17 Key value parser (HO)

(/usr/local/texlive/2016/texmf-dist/tex/generic/oberdiek/etexcmds.sty
Package: etexcmds 2016/05/16 v1.6 Avoid name clashes with e-TeX commands (HO)
Package etexcmds Info: Could not find \expanded.
(etexcmds)             That can mean that you are not using pdfTeX 1.50 or
(etexcmds)             that some package has redefined \expanded.
(etexcmds)             In the latter case, load this package earlier.
)))
Package grfext Info: Graphics extension search list:
(grfext)             [.png,.pdf,.jpg,.mps,.jpeg,.jbig2,.jb2,.PNG,.PDF,.JPG,.JPE
G,.JBIG2,.JB2,.eps]
(grfext)             \AppendGraphicsExtensions on input line 456.

(/usr/local/texlive/2016/texmf-dist/tex/latex/latexconfig/epstopdf-sys.cfg
File: epstopdf-sys.cfg 2010/07/13 v1.3 Configuration of (r)epstopdf for TeX Liv
e
))
Overfull \hbox (31.06056pt too wide) detected at line 33
\OML/cmm/m/it/12 N \OT1/cmr/m/n/12 = 6 \OML/cmm/m/it/12 ;  [] x[] \OT1/cmr/m/n/
12 = 33\OML/cmm/m/it/12 :\OT1/cmr/m/n/12 2 \OML/cmm/m/it/12 ;  [] x[] \OT1/cmr/
m/n/12 = 209\OML/cmm/m/it/12 :\OT1/cmr/m/n/12 74 \OML/cmm/m/it/12 ;  [] y[] \OT
1/cmr/m/n/12 = 19\OML/cmm/m/it/12 :\OT1/cmr/m/n/12 2 \OML/cmm/m/it/12 ;  [] x[]
y[] \OT1/cmr/m/n/12 = 102\OML/cmm/m/it/12 :\OT1/cmr/m/n/12 5
 []

./clo2.tex:35: Undefined control sequence.
l.35 ...udian, dengan menggunakan persamaan \texit
                                                  {normal equation}[2], kita...

? 
[1

{/usr/local/texlive/2016/texmf-var/fonts/map/pdftex/updmap/pdftex.map}]
[2] <ass2clo2fig1.png, id=18, 515.9275pt x 389.455pt>
File: ass2clo2fig1.png Graphic file (type png)
 <use ass2clo2fig1.png>
Package pdftex.def Info: ass2clo2fig1.png used on input line 74.
(pdftex.def)             Requested size: 284.52756pt x 214.78328pt.

[3 <./ass2clo2fig1.png>]
./clo2.tex:107: Missing $ inserted.
<inserted text> 
                $
l.107 
      
? 
./clo2.tex:107: Missing } inserted.
<inserted text> 
                }
l.107 
      
? 
./clo2.tex:107: Display math should end with $$.
<to be read again> 
                   \@@par 
l.107 
      
? 
./clo2.tex:107: Extra }, or forgotten \endgroup.
\par ...m \@noitemerr {\@@par }\fi \else {\@@par }
                                                  \fi 
l.107 
      
? 

./clo2.tex:113: LaTeX Error: Bad math environment delimiter.

See the LaTeX manual or LaTeX Companion for explanation.
Type  H <return>  for immediate help.
 ...                                              
                                                  
l.113 		\]
          
? 

Overfull \hbox (92.01183pt too wide) in paragraph at lines 112--113
[][] 
 []

./clo2.tex:113: Missing $ inserted.
<inserted text> 
                $
l.113 		\]
          
? 
./clo2.tex:113: Display math should end with $$.
<to be read again> 
                   \endgroup 
l.113 		\]
          
? 

./clo2.tex:118: Package amsmath Error: \begin{gathered} allowed only in math mo
de.

See the amsmath package documentation for explanation.
Type  H <return>  for immediate help.
 ...                                              
                                                  
l.118 			\omega
               _0 = 54727.64 , \omega_1 = -68068.79 ,\omega_2 = 30076.49 , \...

? 
./clo2.tex:118: Missing $ inserted.
<inserted text> 
                $
l.118 			\omega
               _0 = 54727.64 , \omega_1 = -68068.79 ,\omega_2 = 30076.49 , \...

? 
./clo2.tex:119: Missing $ inserted.
<inserted text> 
                $
l.119 		\end{gathered}
                      
? 
[4] <ass2clo2fig3.png, id=27, 822.07124pt x 576.1525pt>
File: ass2clo2fig3.png Graphic file (type png)
 <use ass2clo2fig3.png>
Package pdftex.def Info: ass2clo2fig3.png used on input line 123.
(pdftex.def)             Requested size: 341.43306pt x 239.29224pt.

Overfull \hbox (6.65744pt too wide) in paragraph at lines 123--124
[][] 
 []


./clo2.tex:134: Package amsmath Error: \begin{gathered} allowed only in math mo
de.

See the amsmath package documentation for explanation.
Type  H <return>  for immediate help.
 ...                                              
                                                  
l.134 			\omega
               _0 = 54727.64 , \omega_1 = -68068.79 ,\omega_2 = 30076.49 , \...

? 
./clo2.tex:134: Missing $ inserted.
<inserted text> 
                $
l.134 			\omega
               _0 = 54727.64 , \omega_1 = -68068.79 ,\omega_2 = 30076.49 , \...

? 
./clo2.tex:135: Missing $ inserted.
<inserted text> 
                $
l.135 		\end{gathered}
                      
? 

Underfull \hbox (badness 10000) in paragraph at lines 134--137

 []

<ass2clo2fig4.png, id=28, 490.83376pt x 397.485pt>
File: ass2clo2fig4.png Graphic file (type png)
 <use ass2clo2fig4.png>
Package pdftex.def Info: ass2clo2fig4.png used on input line 140.
(pdftex.def)             Requested size: 341.43306pt x 276.50903pt.

Overfull \hbox (6.65744pt too wide) in paragraph at lines 140--142
[][] 
 []


Underfull \hbox (badness 10000) in paragraph at lines 140--142

 []

[5 <./ass2clo2fig3.png>] <ass2clo2fig5.png, id=33, 495.8525pt x 392.46625pt>
File: ass2clo2fig5.png Graphic file (type png)

<use ass2clo2fig5.png>
Package pdftex.def Info: ass2clo2fig5.png used on input line 149.
(pdftex.def)             Requested size: 341.43306pt x 270.24506pt.

Overfull \hbox (6.65744pt too wide) in paragraph at lines 149--150
[][] 
 []

[6 <./ass2clo2fig4.png>]
Overfull \hbox (0.43642pt too wide) in paragraph at lines 167--168
[]\OT1/cmr/m/n/12 Dengan mema-sukkan data latih ($\OML/cmm/m/it/12 x[]; x[]; []
 y$\OT1/cmr/m/n/12 ) yang ada di dataset,
 []

[7 <./ass2clo2fig5.png>] <ass2clo2fig6.png, id=43, 796.9775pt x 602.25pt>
File: ass2clo2fig6.png Graphic file (type png)

<use ass2clo2fig6.png>
Package pdftex.def Info: ass2clo2fig6.png used on input line 180.
(pdftex.def)             Requested size: 284.52756pt x 215.00867pt.
 <ass2clo2fig7.png, id=44, 808.01875pt x 591.20876pt>
File: ass2clo2fig7.png Graphic file (type png)

<use ass2clo2fig7.png>
Package pdftex.def Info: ass2clo2fig7.png used on input line 182.
(pdftex.def)             Requested size: 284.52756pt x 208.18008pt.
 [8 <./ass2clo2fig6.png>]
<ass2clo2fig8.png, id=49, 760.8425pt x 593.21625pt>
File: ass2clo2fig8.png Graphic file (type png)
 <use ass2clo2fig8.png>
Package pdftex.def Info: ass2clo2fig8.png used on input line 188.
(pdftex.def)             Requested size: 284.52756pt x 221.84908pt.

<ass2clo2fig9.png, id=50, 792.9625pt x 582.175pt>
File: ass2clo2fig9.png Graphic file (type png)
 <use ass2clo2fig9.png>
Package pdftex.def Info: ass2clo2fig9.png used on input line 189.
(pdftex.def)             Requested size: 284.52756pt x 208.89883pt.

[9 <./ass2clo2fig7.png> <./ass2clo2fig8.png>]
./clo2.tex:208: Misplaced alignment tab character &.
<argument> \displaystyle  \Omega &
                                   = \left ( \begin {pmatrix} 1&3.2&5.8&18.5...
l.208 		\end{align*}
                    
? 
./clo2.tex:208: Misplaced alignment tab character &.
\math@cr@@@ ->&
               \omit \global \advance \row@ \@ne \ifst@rred \nonumber \fi \i...
l.208 		\end{align*}
                    
? 
./clo2.tex:208: Misplaced \omit.
\math@cr@@@ ->&\omit 
                     \global \advance \row@ \@ne \ifst@rred \nonumber \fi \i...
l.208 		\end{align*}
                    
? 
./clo2.tex:208: Misplaced \cr.
\math@cr@@@ ... \else \global \@eqnswtrue \fi \cr 
                                                  
l.208 		\end{align*}
                    
? 
./clo2.tex:208: Misplaced \noalign.
\math@cr@@ ... \iffalse }\fi \math@cr@@@ \noalign 
                                                  {\vskip #1\relax }
l.208 		\end{align*}
                    
? 
./clo2.tex:208: Missing $ inserted.
<inserted text> 
                $
l.208 		\end{align*}
                    
? 
./clo2.tex:208: Missing } inserted.
<inserted text> 
                }
l.208 		\end{align*}
                    
? 
./clo2.tex:208: Missing } inserted.
<inserted text> 
                }
l.208 		\end{align*}
                    
? 
./clo2.tex:208: Missing } inserted.
<inserted text> 
                }
l.208 		\end{align*}
                    
? 
./clo2.tex:208: Missing } inserted.
<inserted text> 
                }
l.208 		\end{align*}
                    
? 
./clo2.tex:208: Missing $ inserted.
<inserted text> 
                $
l.208 		\end{align*}
                    
? 
./clo2.tex:208: Missing } inserted.
<inserted text> 
                }
l.208 		\end{align*}
                    
? 
./clo2.tex:208: Missing } inserted.
<inserted text> 
                }
l.208 		\end{align*}
                    
? 
./clo2.tex:208: Missing } inserted.
<inserted text> 
                }
l.208 		\end{align*}
                    
? 
./clo2.tex:208: Missing \cr inserted.
<inserted text> 
                \cr 
l.208 		\end{align*}
                    
? 
./clo2.tex:208: Missing { inserted.
<inserted text> 
                {
l.208 		\end{align*}
                    
? 
./clo2.tex:208: Missing { inserted.
<inserted text> 
                {
l.208 		\end{align*}
                    
? 
./clo2.tex:208: Extra }, or forgotten $.
<recently read> }
                 
l.208 		\end{align*}
                    
? 
./clo2.tex:208: Missing $ inserted.
<inserted text> 
                $
l.208 		\end{align*}
                    
? 
./clo2.tex:208: Missing } inserted.
<inserted text> 
                }
l.208 		\end{align*}
                    
? 
./clo2.tex:208: Misplaced alignment tab character &.
<argument> ...\\ 3.2\\ 3\\ 1.8 \end {pmatrix} \\ &
                                                   = \begin {pmatrix} -23.35...
l.208 		\end{align*}
                    
? 
./clo2.tex:208: Missing \endgroup inserted.
<inserted text> 
                \endgroup 
l.208 		\end{align*}
                    
? 
./clo2.tex:208: Display math should end with $$.
<to be read again> 
                   }
l.208 		\end{align*}
                    
? 
./clo2.tex:208: Extra }, or forgotten \endgroup.
<recently read> }
                 
l.208 		\end{align*}
                    
? 
./clo2.tex:208: Extra }, or forgotten \endgroup.
\Gscale@box ...scale@y {#2}\setbox \z@ \hbox {{#3}
                                                  }\setbox \tw@ \hbox {\Gsca...
l.208 		\end{align*}
                    
? 
./clo2.tex:208: Extra }, or forgotten \endgroup.
\Gscale@box ...cale@y {#2}\setbox \z@ \hbox {{#3}}
                                                  \setbox \tw@ \hbox {\Gscal...
l.208 		\end{align*}
                    
? 
./clo2.tex:208: Undefined control sequence.
<argument> \Gscale@x 
                     
l.208 		\end{align*}
                    
? 
./clo2.tex:208: Undefined control sequence.
<argument> \Gscale@y 
                     
l.208 		\end{align*}
                    
? 
./clo2.tex:208: Misplaced \cr.
\math@cr@@@ ->\cr 
                  
l.208 		\end{align*}
                    
? 
./clo2.tex:208: Misplaced \cr.
\measure@ ...olumn@ \z@ \add@amps \maxfields@ \cr 
                                                  }}\restorecounters@ \ifodd...
l.208 		\end{align*}
                    
? 
./clo2.tex:208: Extra }, or forgotten \endgroup.
\measure@ ...lumn@ \z@ \add@amps \maxfields@ \cr }
                                                  }\restorecounters@ \ifodd ...
l.208 		\end{align*}
                    
? 
./clo2.tex:208: Extra }, or forgotten \endgroup.
\measure@ ...umn@ \z@ \add@amps \maxfields@ \cr }}
                                                  \restorecounters@ \ifodd \...
l.208 		\end{align*}
                    
? 
./clo2.tex:208: Misplaced alignment tab character &.
<argument> \displaystyle  \Omega &
                                   = \left ( \begin {pmatrix} 1&3.2&5.8&18.5...
l.208 		\end{align*}
                    
? 
./clo2.tex:208: Misplaced alignment tab character &.
<recently read> &
                 
l.208 		\end{align*}
                    
? 
[10 <./ass2clo2fig9.png>]

./clo2.tex:208: LaTeX Error: \begin{enumerate} on input line 153 ended by \end{
align*}.

See the LaTeX manual or LaTeX Companion for explanation.
Type  H <return>  for immediate help.
 ...                                              
                                                  
l.208 		\end{align*}
                    
? 
./clo2.tex:208: Missing $ inserted.
<inserted text> 
                $
l.208 		\end{align*}
                    
? 
./clo2.tex:208: Display math should end with $$.
<to be read again> 
                   \endgroup 
l.208 		\end{align*}
                    
? 
<ass2clo2fig10.png, id=60, 540.0175pt x 418.56375pt>
File: ass2clo2fig10.png Graphic file (type png)
 <use ass2clo2fig10.png>
Package pdftex.def Info: ass2clo2fig10.png used on input line 212.
(pdftex.def)             Requested size: 284.52756pt x 220.54121pt.

<ass2clo2fig11.png, id=61, 520.94624pt x 401.5pt>
File: ass2clo2fig11.png Graphic file (type png)
 <use ass2clo2fig11.png>
Package pdftex.def Info: ass2clo2fig11.png used on input line 213.
(pdftex.def)             Requested size: 284.52756pt x 219.28795pt.

[11 <./ass2clo2fig10.png>] <ass2clo2fig12.png, id=66, 694.595pt x 549.05125pt>
File: ass2clo2fig12.png Graphic file (type png)

<use ass2clo2fig12.png>
Package pdftex.def Info: ass2clo2fig12.png used on input line 219.
(pdftex.def)             Requested size: 284.52756pt x 224.91139pt.
 <ass2clo2fig13.png, id=67, 659.46375pt x 572.1375pt>
File: ass2clo2fig13.png Graphic file (type png)

<use ass2clo2fig13.png>
Package pdftex.def Info: ass2clo2fig13.png used on input line 220.
(pdftex.def)             Requested size: 284.52756pt x 246.85242pt.
 [12 <./ass2clo2fig11.png> <./ass2clo2fig12.png>]
<ass2clo2fig14.png, id=73, 672.5125pt x 565.11125pt>
File: ass2clo2fig14.png Graphic file (type png)
 <use ass2clo2fig14.png>
Package pdftex.def Info: ass2clo2fig14.png used on input line 226.
(pdftex.def)             Requested size: 284.52756pt x 239.08693pt.

<ass2clo2fig15.png, id=74, 667.49374pt x 567.11874pt> [13 <./ass2clo2fig13.png>
]
File: ass2clo2fig15.png Graphic file (type png)
 <use ass2clo2fig15.png>
Package pdftex.def Info: ass2clo2fig15.png used on input line 227.
(pdftex.def)             Requested size: 284.52756pt x 241.74484pt.


./clo2.tex:231: LaTeX Error: \begin{document} ended by \end{enumerate}.

See the LaTeX manual or LaTeX Companion for explanation.
Type  H <return>  for immediate help.
 ...                                              
                                                  
l.231 \end{enumerate}
                     
? 
./clo2.tex:231: Extra \endgroup.
<recently read> \endgroup 
                          
l.231 \end{enumerate}
                     
? 
./clo2.tex:234: Missing $ inserted.
<inserted text> 
                $
l.234 ...1] https://id.wikipedia.org/wiki/Regresi_
                                                  Linier
? 
./clo2.tex:235: Missing $ inserted.
<inserted text> 
                $
l.235 \par
           [2] Introduction to Data Mining - Panning Tan, M. Steinbach
? 
./clo2.tex:236: Missing $ inserted.
<inserted text> 
                $
l.236 ... https://en.wikipedia.org/wiki/Nonlinear_
                                                  regression
? 
./clo2.tex:237: Missing $ inserted.
<inserted text> 
                $
l.237 \par
           [4] Regression book
? 
[14 <./ass2clo2fig14.png> <./ass2clo2fig15.png>]
Overfull \hbox (11.45416pt too wide) in paragraph at lines 241--242
[]\OT1/cmr/m/n/12 [8] https://medium.com/towards-data-science/activation-functi
ons-and-its-
 []

[15] (./clo2.aux) ) 
Here is how much of TeX's memory you used:
 2164 strings out of 493014
 29755 string characters out of 6133351
 116923 words of memory out of 5000000
 5684 multiletter control sequences out of 15000+600000
 9367 words of font info for 34 fonts, out of 8000000 for 9000
 1141 hyphenation exceptions out of 8191
 37i,18n,23p,1131b,353s stack positions out of 5000i,500n,10000p,200000b,80000s
</usr/local/texlive/2016/texmf-dist/fonts/type1/public/amsfo
nts/cm/cmbx12.pfb></usr/local/texlive/2016/texmf-dist/fonts/type1/public/amsfon
ts/cm/cmex10.pfb></usr/local/texlive/2016/texmf-dist/fonts/type1/public/amsfont
s/cm/cmmi12.pfb></usr/local/texlive/2016/texmf-dist/fonts/type1/public/amsfonts
/cm/cmmi8.pfb></usr/local/texlive/2016/texmf-dist/fonts/type1/public/amsfonts/c
m/cmr12.pfb></usr/local/texlive/2016/texmf-dist/fonts/type1/public/amsfonts/cm/
cmr17.pfb></usr/local/texlive/2016/texmf-dist/fonts/type1/public/amsfonts/cm/cm
r8.pfb></usr/local/texlive/2016/texmf-dist/fonts/type1/public/amsfonts/cm/cmsy1
0.pfb></usr/local/texlive/2016/texmf-dist/fonts/type1/public/amsfonts/cm/cmsy8.
pfb></usr/local/texlive/2016/texmf-dist/fonts/type1/public/amsfonts/cm/cmti12.p
fb>
Output written on clo2.pdf (15 pages, 1148481 bytes).
PDF statistics:
 122 PDF objects out of 1000 (max. 8388607)
 66 compressed objects within 1 object stream
 0 named destinations out of 1000 (max. 500000)
 71 words of extra memory for PDF output out of 10000 (max. 10000000)

