This is pdfTeX, Version 3.14159265-2.6-1.40.17 (TeX Live 2016) (preloaded format=pdflatex 2017.4.29)  3 NOV 2017 17:25
entering extended mode
 restricted \write18 enabled.
 file:line:error style messages enabled.
 %&-line parsing enabled.
**clo3_19.tex
(./clo3_19.tex
LaTeX2e <2016/03/31>
Babel <3.9r> and hyphenation patterns for 83 language(s) loaded.
(/usr/local/texlive/2016/texmf-dist/tex/latex/base/article.cls
Document Class: article 2014/09/29 v1.4h Standard LaTeX document class
(/usr/local/texlive/2016/texmf-dist/tex/latex/base/size12.clo
File: size12.clo 2014/09/29 v1.4h Standard LaTeX file (size option)
)
\c@part=\count79
\c@section=\count80
\c@subsection=\count81
\c@subsubsection=\count82
\c@paragraph=\count83
\c@subparagraph=\count84
\c@figure=\count85
\c@table=\count86
\abovecaptionskip=\skip41
\belowcaptionskip=\skip42
\bibindent=\dimen102
)
(/usr/local/texlive/2016/texmf-dist/tex/latex/amsmath/amsmath.sty
Package: amsmath 2016/03/10 v2.15b AMS math features
\@mathmargin=\skip43

For additional information on amsmath, use the `?' option.
(/usr/local/texlive/2016/texmf-dist/tex/latex/amsmath/amstext.sty
Package: amstext 2000/06/29 v2.01 AMS text

(/usr/local/texlive/2016/texmf-dist/tex/latex/amsmath/amsgen.sty
File: amsgen.sty 1999/11/30 v2.0 generic functions
\@emptytoks=\toks14
\ex@=\dimen103
))
(/usr/local/texlive/2016/texmf-dist/tex/latex/amsmath/amsbsy.sty
Package: amsbsy 1999/11/29 v1.2d Bold Symbols
\pmbraise@=\dimen104
)
(/usr/local/texlive/2016/texmf-dist/tex/latex/amsmath/amsopn.sty
Package: amsopn 2016/03/08 v2.02 operator names
)
\inf@bad=\count87
LaTeX Info: Redefining \frac on input line 199.
\uproot@=\count88
\leftroot@=\count89
LaTeX Info: Redefining \overline on input line 297.
\classnum@=\count90
\DOTSCASE@=\count91
LaTeX Info: Redefining \ldots on input line 394.
LaTeX Info: Redefining \dots on input line 397.
LaTeX Info: Redefining \cdots on input line 518.
\Mathstrutbox@=\box26
\strutbox@=\box27
\big@size=\dimen105
LaTeX Font Info:    Redeclaring font encoding OML on input line 634.
LaTeX Font Info:    Redeclaring font encoding OMS on input line 635.
\macc@depth=\count92
\c@MaxMatrixCols=\count93
\dotsspace@=\muskip10
\c@parentequation=\count94
\dspbrk@lvl=\count95
\tag@help=\toks15
\row@=\count96
\column@=\count97
\maxfields@=\count98
\andhelp@=\toks16
\eqnshift@=\dimen106
\alignsep@=\dimen107
\tagshift@=\dimen108
\tagwidth@=\dimen109
\totwidth@=\dimen110
\lineht@=\dimen111
\@envbody=\toks17
\multlinegap=\skip44
\multlinetaggap=\skip45
\mathdisplay@stack=\toks18
LaTeX Info: Redefining \[ on input line 2739.
LaTeX Info: Redefining \] on input line 2740.
)
(/usr/local/texlive/2016/texmf-dist/tex/latex/amsfonts/amssymb.sty
Package: amssymb 2013/01/14 v3.01 AMS font symbols

(/usr/local/texlive/2016/texmf-dist/tex/latex/amsfonts/amsfonts.sty
Package: amsfonts 2013/01/14 v3.01 Basic AMSFonts support
\symAMSa=\mathgroup4
\symAMSb=\mathgroup5
LaTeX Font Info:    Overwriting math alphabet `\mathfrak' in version `bold'
(Font)                  U/euf/m/n --> U/euf/b/n on input line 106.
))
(/usr/local/texlive/2016/texmf-dist/tex/latex/graphics/graphicx.sty
Package: graphicx 2014/10/28 v1.0g Enhanced LaTeX Graphics (DPC,SPQR)

(/usr/local/texlive/2016/texmf-dist/tex/latex/graphics/keyval.sty
Package: keyval 2014/10/28 v1.15 key=value parser (DPC)
\KV@toks@=\toks19
)
(/usr/local/texlive/2016/texmf-dist/tex/latex/graphics/graphics.sty
Package: graphics 2016/05/09 v1.0r Standard LaTeX Graphics (DPC,SPQR)

(/usr/local/texlive/2016/texmf-dist/tex/latex/graphics/trig.sty
Package: trig 2016/01/03 v1.10 sin cos tan (DPC)
)
(/usr/local/texlive/2016/texmf-dist/tex/latex/graphics-cfg/graphics.cfg
File: graphics.cfg 2016/01/02 v1.10 sample graphics configuration
)
Package graphics Info: Driver file: pdftex.def on input line 96.

(/usr/local/texlive/2016/texmf-dist/tex/latex/pdftex-def/pdftex.def
File: pdftex.def 2011/05/27 v0.06d Graphics/color for pdfTeX

(/usr/local/texlive/2016/texmf-dist/tex/generic/oberdiek/infwarerr.sty
Package: infwarerr 2016/05/16 v1.4 Providing info/warning/error messages (HO)
)
(/usr/local/texlive/2016/texmf-dist/tex/generic/oberdiek/ltxcmds.sty
Package: ltxcmds 2016/05/16 v1.23 LaTeX kernel commands for general use (HO)
)
\Gread@gobject=\count99
))
\Gin@req@height=\dimen112
\Gin@req@width=\dimen113
)
(./clo3_19.aux)
\openout1 = `clo3_19.aux'.

LaTeX Font Info:    Checking defaults for OML/cmm/m/it on input line 7.
LaTeX Font Info:    ... okay on input line 7.
LaTeX Font Info:    Checking defaults for T1/cmr/m/n on input line 7.
LaTeX Font Info:    ... okay on input line 7.
LaTeX Font Info:    Checking defaults for OT1/cmr/m/n on input line 7.
LaTeX Font Info:    ... okay on input line 7.
LaTeX Font Info:    Checking defaults for OMS/cmsy/m/n on input line 7.
LaTeX Font Info:    ... okay on input line 7.
LaTeX Font Info:    Checking defaults for OMX/cmex/m/n on input line 7.
LaTeX Font Info:    ... okay on input line 7.
LaTeX Font Info:    Checking defaults for U/cmr/m/n on input line 7.
LaTeX Font Info:    ... okay on input line 7.

(/usr/local/texlive/2016/texmf-dist/tex/context/base/mkii/supp-pdf.mkii
[Loading MPS to PDF converter (version 2006.09.02).]
\scratchcounter=\count100
\scratchdimen=\dimen114
\scratchbox=\box28
\nofMPsegments=\count101
\nofMParguments=\count102
\everyMPshowfont=\toks20
\MPscratchCnt=\count103
\MPscratchDim=\dimen115
\MPnumerator=\count104
\makeMPintoPDFobject=\count105
\everyMPtoPDFconversion=\toks21
) (/usr/local/texlive/2016/texmf-dist/tex/generic/oberdiek/pdftexcmds.sty
Package: pdftexcmds 2016/05/10 v0.21 Utility functions of pdfTeX for LuaTeX (HO
)

(/usr/local/texlive/2016/texmf-dist/tex/generic/oberdiek/ifluatex.sty
Package: ifluatex 2016/05/16 v1.4 Provides the ifluatex switch (HO)
Package ifluatex Info: LuaTeX not detected.
)
(/usr/local/texlive/2016/texmf-dist/tex/generic/oberdiek/ifpdf.sty
Package: ifpdf 2016/05/14 v3.1 Provides the ifpdf switch
)
Package pdftexcmds Info: LuaTeX not detected.
Package pdftexcmds Info: \pdf@primitive is available.
Package pdftexcmds Info: \pdf@ifprimitive is available.
Package pdftexcmds Info: \pdfdraftmode found.
)
(/usr/local/texlive/2016/texmf-dist/tex/latex/oberdiek/epstopdf-base.sty
Package: epstopdf-base 2016/05/15 v2.6 Base part for package epstopdf

(/usr/local/texlive/2016/texmf-dist/tex/latex/oberdiek/grfext.sty
Package: grfext 2016/05/16 v1.2 Manage graphics extensions (HO)

(/usr/local/texlive/2016/texmf-dist/tex/generic/oberdiek/kvdefinekeys.sty
Package: kvdefinekeys 2016/05/16 v1.4 Define keys (HO)
))
(/usr/local/texlive/2016/texmf-dist/tex/latex/oberdiek/kvoptions.sty
Package: kvoptions 2016/05/16 v3.12 Key value format for package options (HO)

(/usr/local/texlive/2016/texmf-dist/tex/generic/oberdiek/kvsetkeys.sty
Package: kvsetkeys 2016/05/16 v1.17 Key value parser (HO)

(/usr/local/texlive/2016/texmf-dist/tex/generic/oberdiek/etexcmds.sty
Package: etexcmds 2016/05/16 v1.6 Avoid name clashes with e-TeX commands (HO)
Package etexcmds Info: Could not find \expanded.
(etexcmds)             That can mean that you are not using pdfTeX 1.50 or
(etexcmds)             that some package has redefined \expanded.
(etexcmds)             In the latter case, load this package earlier.
)))
Package grfext Info: Graphics extension search list:
(grfext)             [.png,.pdf,.jpg,.mps,.jpeg,.jbig2,.jb2,.PNG,.PDF,.JPG,.JPE
G,.JBIG2,.JB2,.eps]
(grfext)             \AppendGraphicsExtensions on input line 456.

(/usr/local/texlive/2016/texmf-dist/tex/latex/latexconfig/epstopdf-sys.cfg
File: epstopdf-sys.cfg 2010/07/13 v1.3 Configuration of (r)epstopdf for TeX Liv
e
))
LaTeX Font Info:    Try loading font information for U+msa on input line 13.

(/usr/local/texlive/2016/texmf-dist/tex/latex/amsfonts/umsa.fd
File: umsa.fd 2013/01/14 v3.01 AMS symbols A
)
LaTeX Font Info:    Try loading font information for U+msb on input line 13.

(/usr/local/texlive/2016/texmf-dist/tex/latex/amsfonts/umsb.fd
File: umsb.fd 2013/01/14 v3.01 AMS symbols B
)
<ass2clo3no19_1.png, id=1, 485.815pt x 396.48125pt>
File: ass2clo3no19_1.png Graphic file (type png)
 <use ass2clo3no19_1.png>
Package pdftex.def Info: ass2clo3no19_1.png used on input line 21.
(pdftex.def)             Requested size: 284.52756pt x 232.20375pt.

[1

{/usr/local/texlive/2016/texmf-var/fonts/map/pdftex/updmap/pdftex.map}]
Missing character: There is no â in font cmr12!
Missing character: There is no € in font cmr12!
Missing character: There is no ² in font cmr12!
Missing character: There is no â in font cmr12!
Missing character: There is no € in font cmr12!
Missing character: There is no ² in font cmr12!

<ass2clo3no19_2.png, id=12, 306.14375pt x 46.1725pt>
File: ass2clo3no19_2.png Graphic file (type png)
 <use ass2clo3no19_2.png>
Package pdftex.def Info: ass2clo3no19_2.png used on input line 26.
(pdftex.def)             Requested size: 284.52756pt x 42.91458pt.
Missing character: There is no â in font cmr12!
Missing character: There is no € in font cmr12!
Missing character: There is no ² in font cmr12!
Missing character: There is no Ë in font cmr12!
Missing character: There is no † in font cmr12!

Overfull \hbox (2.39867pt too wide) in paragraph at lines 30--31
[]\OT1/cmr/m/n/12 Untuk mengim-ple-men-tasikan PNN, kita meng-gu-nakan fungsi g
aus-
 []

<ass2clo3no19_3.jpg, id=13, 3004.22375pt x 2400.97pt>
File: ass2clo3no19_3.jpg Graphic file (type jpg)
 <use ass2clo3no19_3.jpg>
Package pdftex.def Info: ass2clo3no19_3.jpg used on input line 36.
(pdftex.def)             Requested size: 284.52756pt x 227.3618pt.

[2 <./ass2clo3no19_1.png> <./ass2clo3no19_2.png>]
<ass2clo3no19_4.png, id=26, 608.2725pt x 782.925pt>
File: ass2clo3no19_4.png Graphic file (type png)
 <use ass2clo3no19_4.png>
Package pdftex.def Info: ass2clo3no19_4.png used on input line 40.
(pdftex.def)             Requested size: 284.52756pt x 366.23062pt.

<ass2clo3no19_5.png, id=27, 612.2875pt x 259.97125pt> [3 <./ass2clo3no19_3.jpg>
]
File: ass2clo3no19_5.png Graphic file (type png)
 <use ass2clo3no19_5.png>
Package pdftex.def Info: ass2clo3no19_5.png used on input line 41.
(pdftex.def)             Requested size: 284.52756pt x 120.80605pt.
Missing character: There is no â in font cmr12!
Missing character: There is no € in font cmr12!
Missing character: There is no ™ in font cmr12!
Missing character: There is no â in font cmr12!
Missing character: There is no € in font cmr12!
Missing character: There is no ™ in font cmr12!

Overfull \hbox (240.61172pt too wide) in paragraph at lines 43--44
\OT1/cmr/m/n/12 tave/Matlab is here or go to the next url: http://www.peteryu.c
a/tutorials/matlab/visualize[]decision[]boundaries.
 []


Overfull \hbox (15.98463pt too wide) in paragraph at lines 43--44
\OT1/cmr/m/n/12 As al-ter-na-tive, you could use and mod-ify a code pro-gram de
cbound2D
 []

[4 <./ass2clo3no19_4.png> <./ass2clo3no19_5.png>]
<ass2clo3no19_6.png, id=36, 813.0375pt x 787.94376pt>
File: ass2clo3no19_6.png Graphic file (type png)
 <use ass2clo3no19_6.png>
Package pdftex.def Info: ass2clo3no19_6.png used on input line 47.
(pdftex.def)             Requested size: 284.52756pt x 275.73636pt.

<ass2clo3no19_7.png, id=37, 705.63625pt x 413.545pt>
File: ass2clo3no19_7.png Graphic file (type png)
 <use ass2clo3no19_7.png>
Package pdftex.def Info: ass2clo3no19_7.png used on input line 48.
(pdftex.def)             Requested size: 284.52756pt x 166.7465pt.

[5 <./ass2clo3no19_6.png>]
<ass2clo3no19_8.png, id=42, 478.78876pt x 408.52625pt>
File: ass2clo3no19_8.png Graphic file (type png)

<use ass2clo3no19_8.png>
Package pdftex.def Info: ass2clo3no19_8.png used on input line 51.
(pdftex.def)             Requested size: 284.52756pt x 242.7738pt.
 <ass2clo3no19_9.png, id=43, 353.32pt x 55.20625pt>
File: ass2clo3no19_9.png Graphic file (type png)

<use ass2clo3no19_9.png>
Package pdftex.def Info: ass2clo3no19_9.png used on input line 52.
(pdftex.def)             Requested size: 284.52756pt x 44.45819pt.

./clo3_19.tex:55: Undefined control sequence.
l.55 		\par Berdasarkan hasil beberapa kali \texit
                                                  {testing}, \textit{classif...

? 
[6 <./ass2clo3no19_7.png> <./ass2clo3no19_8.png> <./ass2clo3no19_9.png>]
Overfull \hbox (11.45416pt too wide) in paragraph at lines 71--72
[]\OT1/cmr/m/n/12 [8] https://medium.com/towards-data-science/activation-functi
ons-and-its-
 []

./clo3_19.tex:73: You can't use `macro parameter character #' in horizontal mod
e.
l.73 ...mathworks.com/help/optim/ug/quadprog.html#
                                                  inputarg\_f
? 

Overfull \hbox (12.8772pt too wide) in paragraph at lines 73--74
[]\OT1/cmr/m/n/12 [10] https://www.mathworks.com/help/optim/ug/quadprog.htmlinp
utarg[]f 
 []


Overfull \hbox (37.23862pt too wide) in paragraph at lines 75--76
[]\OT1/cmr/m/n/12 [12] https://se.mathworks.com/matlabcentral/ answers/104248-i
mplementation-
 []

[7] (./clo3_19.aux) ) 
Here is how much of TeX's memory you used:
 2430 strings out of 493014
 32624 string characters out of 6133351
 90410 words of memory out of 5000000
 5937 multiletter control sequences out of 15000+600000
 11837 words of font info for 46 fonts, out of 8000000 for 9000
 1141 hyphenation exceptions out of 8191
 37i,6n,26p,830b,335s stack positions out of 5000i,500n,10000p,200000b,80000s
</usr/local/texlive/2016/texmf-dist/fonts/type1/public/ams
fonts/cm/cmbx12.pfb></usr/local/texlive/2016/texmf-dist/fonts/type1/public/amsf
onts/cm/cmex10.pfb></usr/local/texlive/2016/texmf-dist/fonts/type1/public/amsfo
nts/cm/cmmi12.pfb></usr/local/texlive/2016/texmf-dist/fonts/type1/public/amsfon
ts/cm/cmmi6.pfb></usr/local/texlive/2016/texmf-dist/fonts/type1/public/amsfonts
/cm/cmmi8.pfb></usr/local/texlive/2016/texmf-dist/fonts/type1/public/amsfonts/c
m/cmr12.pfb></usr/local/texlive/2016/texmf-dist/fonts/type1/public/amsfonts/cm/
cmr17.pfb></usr/local/texlive/2016/texmf-dist/fonts/type1/public/amsfonts/cm/cm
r6.pfb></usr/local/texlive/2016/texmf-dist/fonts/type1/public/amsfonts/cm/cmr8.
pfb></usr/local/texlive/2016/texmf-dist/fonts/type1/public/amsfonts/cm/cmsy6.pf
b></usr/local/texlive/2016/texmf-dist/fonts/type1/public/amsfonts/cm/cmti12.pfb
>
Output written on clo3_19.pdf (7 pages, 1634192 bytes).
PDF statistics:
 90 PDF objects out of 1000 (max. 8388607)
 52 compressed objects within 1 object stream
 0 named destinations out of 1000 (max. 500000)
 46 words of extra memory for PDF output out of 10000 (max. 10000000)

